15120 cells | 32 cores | library-based (no RL) | out=results/
[50/15120] rho0.5_mu0.05_eta1_kap0.5_artic_seed5: INV=0 conv=1 best=burn_then_protect dJ=-29.3  (9s, inv so far 0)
[100/15120] rho0.5_mu0.05_eta2_kap0.25_artic_seed6: INV=0 conv=1 best=burn_then_protect dJ=-31.8  (14s, inv so far 0)
[105/15120] rho0.5_mu0.05_eta2_kap0.5_sbm_seed6: INV=1 conv=1 best=burn_then_protect dJ=-14.8  (15s, inv so far 1)
[150/15120] rho0.5_mu0.05_eta2_kap1_artic_seed1: INV=0 conv=1 best=burn_then_protect dJ=-36.2  (20s, inv so far 1)
[170/15120] rho0.5_mu0.05_eta5_kap0.5_sbm_seed3: INV=1 conv=1 best=burn_then_protect dJ=-9.3  (23s, inv so far 2)
[175/15120] rho0.5_mu0.05_eta5_kap0.5_sbm_seed6: INV=1 conv=1 best=burn_then_protect dJ=-13.0  (23s, inv so far 3)
[200/15120] rho0.5_mu0.05_eta5_kap0.5_artic_seed6: INV=0 conv=1 best=burn_then_protect dJ=-26.8  (26s, inv so far 3)
[250/15120] rho0.5_mu0.05_eta8_kap0.5_bridge_seed4: INV=0 conv=0 best=burn_then_protect dJ=+2.0  (32s, inv so far 3)
[279/15120] rho0.5_mu0.05_eta16_kap0.25_sbm_seed1: INV=1 conv=1 best=burn_then_protect dJ=-10.1  (35s, inv so far 4)
[286/15120] rho0.5_mu0.05_eta16_kap0.25_sbm_seed2: INV=1 conv=1 best=burn_then_protect dJ=-11.8  (36s, inv so far 5)
[300/15120] rho0.5_mu0.05_eta16_kap0.25_bridge_seed0: INV=0 conv=0 best=protect_only dJ=+5.6  (38s, inv so far 5)
[350/15120] rho0.5_mu0.05_eta16_kap1_bridge_seed3: INV=0 conv=0 best=delay8 dJ=+25.4  (44s, inv so far 5)
[400/15120] rho0.5_mu0.1_eta1_kap0.5_bridge_seed7: INV=0 conv=1 best=burn_then_protect dJ=-9.1  (50s, inv so far 5)
[433/15120] rho0.5_mu0.1_eta2_kap0.25_sbm_seed7: INV=1 conv=1 best=burn_then_protect dJ=-7.8  (55s, inv so far 6)
[450/15120] rho0.5_mu0.1_eta2_kap0.25_artic_seed5: INV=0 conv=1 best=burn_then_protect dJ=-30.3  (57s, inv so far 6)
[500/15120] rho0.5_mu0.1_eta2_kap1_artic_seed0: INV=0 conv=1 best=burn_then_protect dJ=-33.5  (64s, inv so far 6)
[550/15120] rho0.5_mu0.1_eta5_kap0.5_artic_seed3: INV=0 conv=1 best=burn_then_protect dJ=-44.0  (70s, inv so far 6)
[600/15120] rho0.5_mu0.1_eta8_kap0.25_artic_seed1: INV=0 conv=1 best=burn_then_protect dJ=-40.7  (76s, inv so far 6)
[650/15120] rho0.5_mu0.1_eta16_kap0.25_sbm_seed2: INV=0 conv=1 best=protect_only dJ=-8.2  (82s, inv so far 6)
[700/15120] rho0.5_mu0.1_eta16_kap0.5_artic_seed6: INV=0 conv=1 best=burn_then_protect dJ=-21.3  (89s, inv so far 6)
[750/15120] rho0.5_mu0.2_eta1_kap0.5_sbm_seed5: INV=0 conv=1 best=burn_then_protect dJ=+1.4  (96s, inv so far 6)
[800/15120] rho0.5_mu0.2_eta2_kap0.25_bridge_seed4: INV=0 conv=1 best=burn_then_protect dJ=-13.4  (102s, inv so far 6)
[850/15120] rho0.5_mu0.2_eta2_kap1_bridge_seed4: INV=0 conv=0 best=burn_then_protect dJ=+10.4  (109s, inv so far 6)
[856/15120] rho0.5_mu0.2_eta5_kap0.25_sbm_seed0: INV=1 conv=1 best=burn_then_protect dJ=-11.5  (110s, inv so far 7)
[900/15120] rho0.5_mu0.2_eta5_kap0.5_bridge_seed3: INV=0 conv=1 best=burn_then_protect dJ=-2.2  (115s, inv so far 7)
[950/15120] rho0.5_mu0.2_eta8_kap0.25_bridge_seed3: INV=0 conv=1 best=burn_then_protect dJ=-8.7  (122s, inv so far 7)
[1000/15120] rho0.5_mu0.2_eta16_kap0.25_sbm_seed0: INV=0 conv=1 best=protect_only dJ=-5.7  (129s, inv so far 7)
[1050/15120] rho0.5_mu0.2_eta16_kap0.5_artic_seed4: INV=0 conv=1 best=burn_then_protect dJ=-21.4  (136s, inv so far 7)
[1100/15120] rho0.5_mu0.3_eta1_kap0.25_artic_seed0: INV=0 conv=1 best=burn_then_protect dJ=-33.7  (142s, inv so far 7)
[1150/15120] rho0.5_mu0.3_eta1_kap1_artic_seed0: INV=0 conv=1 best=burn_then_protect dJ=-31.1  (149s, inv so far 7)
[1200/15120] rho0.5_mu0.3_eta2_kap0.5_artic_seed6: INV=0 conv=1 best=burn_then_protect dJ=-27.7  (156s, inv so far 7)
[1250/15120] rho0.5_mu0.3_eta5_kap0.25_artic_seed1: INV=0 conv=1 best=burn_then_protect dJ=-40.9  (162s, inv so far 7)
[1300/15120] rho0.5_mu0.3_eta8_kap0.25_bridge_seed1: INV=0 conv=1 best=burn_then_protect dJ=-1.9  (169s, inv so far 7)
[1350/15120] rho0.5_mu0.3_eta8_kap1_sbm_seed0: INV=0 conv=0 best=burn_then_protect dJ=+30.7  (176s, inv so far 7)
[1400/15120] rho0.5_mu0.3_eta16_kap0.5_sbm_seed2: INV=0 conv=0 best=protect_only dJ=+11.3  (182s, inv so far 7)
[1450/15120] rho0.5_mu0.4_eta1_kap0.25_sbm_seed1: INV=0 conv=1 best=burn_then_protect dJ=-22.4  (189s, inv so far 7)
[1500/15120] rho0.5_mu0.4_eta1_kap1_bridge_seed6: INV=0 conv=0 best=burn_then_protect dJ=+14.1  (196s, inv so far 7)
[1550/15120] rho0.5_mu0.4_eta2_kap0.5_bridge_seed6: INV=0 conv=1 best=burn_then_protect dJ=-4.1  (203s, inv so far 7)
[1600/15120] rho0.5_mu0.4_eta5_kap0.25_bridge_seed3: INV=0 conv=1 best=burn_then_protect dJ=-10.7  (210s, inv so far 7)
[1650/15120] rho0.5_mu0.4_eta5_kap1_artic_seed2: INV=0 conv=1 best=burn_then_protect dJ=-20.2  (218s, inv so far 7)
[1700/15120] rho0.5_mu0.4_eta8_kap0.5_artic_seed7: INV=0 conv=1 best=burn_then_protect dJ=-23.3  (225s, inv so far 7)
[1750/15120] rho0.5_mu0.4_eta16_kap0.25_artic_seed3: INV=0 conv=1 best=burn_then_protect dJ=-37.4  (232s, inv so far 7)
[1800/15120] rho0.5_mu0.4_eta16_kap1_artic_seed1: INV=0 conv=1 best=burn_then_protect dJ=-22.8  (239s, inv so far 7)
[1850/15120] rho0.5_mu0.5_eta1_kap1_sbm_seed1: INV=0 conv=0 best=burn_then_protect dJ=+30.2  (246s, inv so far 7)
[1900/15120] rho0.5_mu0.5_eta2_kap0.5_sbm_seed6: INV=0 conv=1 best=burn_then_protect dJ=+0.7  (254s, inv so far 7)
[1950/15120] rho0.5_mu0.5_eta5_kap0.25_bridge_seed1: INV=0 conv=1 best=burn_then_protect dJ=-4.3  (261s, inv so far 7)
[2000/15120] rho0.5_mu0.5_eta5_kap1_bridge_seed1: INV=0 conv=0 best=delay8 dJ=+34.2  (268s, inv so far 7)
[2050/15120] rho0.5_mu0.5_eta8_kap0.5_sbm_seed4: INV=0 conv=0 best=burn_then_protect dJ=+6.1  (275s, inv so far 7)
[2100/15120] rho0.5_mu0.5_eta16_kap0.25_sbm_seed7: INV=0 conv=1 best=protect_only dJ=-13.8  (282s, inv so far 7)
[2150/15120] rho0.5_mu0.5_eta16_kap1_bridge_seed4: INV=0 conv=0 best=delay8 dJ=+29.8  (289s, inv so far 7)
[2200/15120] rho1_mu0.05_eta1_kap0.5_bridge_seed7: INV=0 conv=0 best=burn_then_protect dJ=+4.9  (295s, inv so far 7)
[2250/15120] rho1_mu0.05_eta2_kap0.25_bridge_seed2: INV=0 conv=1 best=burn_then_protect dJ=+1.2  (301s, inv so far 7)
[2300/15120] rho1_mu0.05_eta2_kap1_artic_seed4: INV=0 conv=1 best=burn_then_protect dJ=-15.1  (307s, inv so far 7)
[2301/15120] rho1_mu0.05_eta5_kap0.25_sbm_seed2: INV=1 conv=1 best=burn_then_protect dJ=-11.2  (308s, inv so far 8)
[2350/15120] rho1_mu0.05_eta5_kap1_sbm_seed2: INV=0 conv=0 best=burn_then_protect dJ=+4.2  (314s, inv so far 8)
[2400/15120] rho1_mu0.05_eta8_kap0.25_artic_seed7: INV=0 conv=1 best=burn_then_protect dJ=-16.7  (320s, inv so far 8)
[2450/15120] rho1_mu0.05_eta8_kap1_artic_seed7: INV=0 conv=1 best=burn_then_protect dJ=-15.1  (326s, inv so far 8)
[2500/15120] rho1_mu0.05_eta16_kap1_sbm_seed5: INV=0 conv=1 best=burn_then_protect dJ=-12.9  (331s, inv so far 8)
[2550/15120] rho1_mu0.1_eta1_kap0.5_sbm_seed5: INV=0 conv=1 best=burn_then_protect dJ=-9.4  (338s, inv so far 8)
[2600/15120] rho1_mu0.1_eta2_kap0.25_bridge_seed1: INV=0 conv=1 best=burn_then_protect dJ=-0.8  (344s, inv so far 8)
[2650/15120] rho1_mu0.1_eta2_kap1_sbm_seed6: INV=0 conv=0 best=burn_then_protect dJ=+26.7  (351s, inv so far 8)
[2700/15120] rho1_mu0.1_eta5_kap0.5_bridge_seed0: INV=0 conv=0 best=burn_then_protect dJ=+15.5  (357s, inv so far 8)
[2750/15120] rho1_mu0.1_eta8_kap0.25_bridge_seed3: INV=0 conv=0 best=protect_only dJ=+4.9  (364s, inv so far 8)
[2800/15120] rho1_mu0.1_eta8_kap1_bridge_seed7: INV=0 conv=0 best=delay8 dJ=+39.4  (370s, inv so far 8)
[2850/15120] rho1_mu0.1_eta16_kap0.5_artic_seed5: INV=0 conv=1 best=burn_then_protect dJ=-19.3  (377s, inv so far 8)
[2900/15120] rho1_mu0.2_eta1_kap0.25_artic_seed2: INV=0 conv=1 best=burn_then_protect dJ=-23.1  (383s, inv so far 8)
[2950/15120] rho1_mu0.2_eta1_kap1_artic_seed3: INV=0 conv=1 best=burn_then_protect dJ=-36.8  (390s, inv so far 8)
[3000/15120] rho1_mu0.2_eta2_kap0.5_artic_seed1: INV=0 conv=1 best=burn_then_protect dJ=-33.6  (396s, inv so far 8)
[3050/15120] rho1_mu0.2_eta5_kap0.25_artic_seed7: INV=0 conv=1 best=burn_then_protect dJ=-17.1  (403s, inv so far 8)
[3100/15120] rho1_mu0.2_eta8_kap0.25_sbm_seed4: INV=0 conv=1 best=protect_only dJ=+1.5  (409s, inv so far 8)
[3150/15120] rho1_mu0.2_eta8_kap1_sbm_seed6: INV=0 conv=0 best=delay8 dJ=+35.6  (416s, inv so far 8)
[3200/15120] rho1_mu0.2_eta16_kap0.5_bridge_seed1: INV=0 conv=0 best=delay8 dJ=+45.2  (423s, inv so far 8)
[3250/15120] rho1_mu0.3_eta1_kap0.25_bridge_seed0: INV=0 conv=1 best=burn_then_protect dJ=-7.7  (429s, inv so far 8)
[3300/15120] rho1_mu0.3_eta1_kap1_bridge_seed2: INV=0 conv=0 best=burn_then_protect dJ=+34.8  (436s, inv so far 8)
[3350/15120] rho1_mu0.3_eta2_kap0.5_bridge_seed5: INV=0 conv=0 best=burn_then_protect dJ=+5.7  (442s, inv so far 8)
[3400/15120] rho1_mu0.3_eta5_kap0.25_bridge_seed7: INV=0 conv=0 best=burn_then_protect dJ=+7.0  (449s, inv so far 8)
[3450/15120] rho1_mu0.3_eta5_kap1_artic_seed5: INV=0 conv=1 best=burn_then_protect dJ=-20.0  (456s, inv so far 8)
[3500/15120] rho1_mu0.3_eta8_kap0.5_artic_seed3: INV=0 conv=1 best=burn_then_protect dJ=-32.2  (463s, inv so far 8)
[3550/15120] rho1_mu0.3_eta16_kap0.25_artic_seed3: INV=0 conv=1 best=burn_then_protect dJ=-31.1  (470s, inv so far 8)
[3600/15120] rho1_mu0.3_eta16_kap1_artic_seed6: INV=0 conv=1 best=burn_then_protect dJ=+1.9  (477s, inv so far 8)
[3650/15120] rho1_mu0.4_eta1_kap1_sbm_seed3: INV=0 conv=0 best=burn_then_protect dJ=+35.4  (484s, inv so far 8)
[3700/15120] rho1_mu0.4_eta2_kap0.5_sbm_seed1: INV=0 conv=0 best=burn_then_protect dJ=+4.8  (491s, inv so far 8)
[3750/15120] rho1_mu0.4_eta5_kap0.25_bridge_seed1: INV=0 conv=0 best=burn_then_protect dJ=+7.7  (498s, inv so far 8)
[3800/15120] rho1_mu0.4_eta5_kap1_bridge_seed1: INV=0 conv=0 best=delay8 dJ=+29.9  (505s, inv so far 8)
[3850/15120] rho1_mu0.4_eta8_kap0.5_bridge_seed5: INV=0 conv=0 best=burn_then_protect dJ=+24.6  (512s, inv so far 8)
[3900/15120] rho1_mu0.4_eta16_kap0.25_bridge_seed5: INV=0 conv=0 best=protect_only dJ=+34.7  (519s, inv so far 8)
[3950/15120] rho1_mu0.4_eta16_kap1_bridge_seed2: INV=0 conv=0 best=delay8 dJ=+93.0  (526s, inv so far 8)
[4000/15120] rho1_mu0.5_eta1_kap0.5_bridge_seed7: INV=0 conv=0 best=burn_then_protect dJ=+9.7  (533s, inv so far 8)
[4050/15120] rho1_mu0.5_eta2_kap0.25_artic_seed5: INV=0 conv=1 best=burn_then_protect dJ=-23.1  (540s, inv so far 8)
[4100/15120] rho1_mu0.5_eta2_kap1_artic_seed3: INV=0 conv=1 best=burn_then_protect dJ=-16.4  (548s, inv so far 8)
[4150/15120] rho1_mu0.5_eta5_kap0.5_artic_seed1: INV=0 conv=1 best=burn_then_protect dJ=-20.2  (555s, inv so far 8)
[4200/15120] rho1_mu0.5_eta8_kap0.5_sbm_seed5: INV=0 conv=0 best=protect_only dJ=+26.2  (562s, inv so far 8)
[4250/15120] rho1_mu0.5_eta8_kap1_artic_seed6: INV=0 conv=1 best=burn_then_protect dJ=-0.7  (569s, inv so far 8)
[4300/15120] rho1_mu0.5_eta16_kap1_bridge_seed0: INV=0 conv=0 best=delay8 dJ=+82.7  (576s, inv so far 8)
[4350/15120] rho2_mu0.05_eta1_kap0.25_artic_seed0: INV=0 conv=1 best=burn_then_protect dJ=-13.7  (582s, inv so far 8)
[4400/15120] rho2_mu0.05_eta2_kap0.25_sbm_seed6: INV=0 conv=1 best=burn_then_protect dJ=-6.1  (588s, inv so far 8)
[4450/15120] rho2_mu0.05_eta2_kap1_bridge_seed4: INV=0 conv=0 best=delay8 dJ=+16.0  (594s, inv so far 8)
[4500/15120] rho2_mu0.05_eta5_kap0.5_bridge_seed5: INV=0 conv=0 best=delay8 dJ=+31.8  (600s, inv so far 8)
[4550/15120] rho2_mu0.05_eta8_kap0.5_sbm_seed1: INV=0 conv=0 best=delay8 dJ=+7.2  (606s, inv so far 8)
[4600/15120] rho2_mu0.05_eta8_kap1_bridge_seed6: INV=0 conv=0 best=delay8 dJ=+47.0  (612s, inv so far 8)
[4650/15120] rho2_mu0.05_eta16_kap0.5_bridge_seed2: INV=0 conv=0 best=protect_only dJ=+119.5  (618s, inv so far 8)
[4700/15120] rho2_mu0.1_eta1_kap0.25_artic_seed2: INV=0 conv=1 best=burn_then_protect dJ=-9.3  (625s, inv so far 8)
[4750/15120] rho2_mu0.1_eta1_kap1_artic_seed7: INV=0 conv=1 best=burn_then_protect dJ=-1.3  (631s, inv so far 8)
[4800/15120] rho2_mu0.1_eta2_kap1_sbm_seed1: INV=0 conv=0 best=delay8 dJ=+21.8  (638s, inv so far 8)
[4850/15120] rho2_mu0.1_eta5_kap0.5_sbm_seed2: INV=0 conv=0 best=burn_then_protect dJ=+15.9  (644s, inv so far 8)
[4900/15120] rho2_mu0.1_eta8_kap0.25_sbm_seed3: INV=0 conv=0 best=protect_only dJ=+9.0  (650s, inv so far 8)
[4950/15120] rho2_mu0.1_eta8_kap1_sbm_seed5: INV=0 conv=0 best=delay8 dJ=+34.5  (657s, inv so far 8)
[5000/15120] rho2_mu0.1_eta16_kap0.5_sbm_seed6: INV=0 conv=0 best=protect_until_threat dJ=+67.8  (663s, inv so far 8)
[5050/15120] rho2_mu0.2_eta1_kap0.25_sbm_seed2: INV=0 conv=1 best=burn_then_protect dJ=+1.1  (669s, inv so far 8)
[5100/15120] rho2_mu0.2_eta1_kap1_bridge_seed5: INV=0 conv=0 best=delay8 dJ=+22.7  (676s, inv so far 8)
[5150/15120] rho2_mu0.2_eta2_kap0.5_bridge_seed2: INV=0 conv=0 best=burn_then_protect dJ=+33.2  (683s, inv so far 8)
[5200/15120] rho2_mu0.2_eta5_kap0.25_sbm_seed7: INV=0 conv=1 best=protect_only dJ=-5.2  (690s, inv so far 8)
[5250/15120] rho2_mu0.2_eta5_kap1_artic_seed4: INV=0 conv=0 best=burn_then_protect dJ=+2.3  (696s, inv so far 8)
[5300/15120] rho2_mu0.2_eta8_kap1_sbm_seed1: INV=0 conv=0 best=delay8 dJ=+52.3  (703s, inv so far 8)
[5350/15120] rho2_mu0.2_eta16_kap0.25_artic_seed0: INV=0 conv=1 best=burn_then_protect dJ=-12.7  (709s, inv so far 8)
[5400/15120] rho2_mu0.2_eta16_kap1_artic_seed7: INV=0 conv=0 best=burn_then_protect dJ=+2.7  (716s, inv so far 8)
[5450/15120] rho2_mu0.3_eta1_kap1_sbm_seed6: INV=0 conv=0 best=delay8 dJ=+19.7  (722s, inv so far 8)
[5500/15120] rho2_mu0.3_eta2_kap0.5_sbm_seed7: INV=0 conv=0 best=burn_then_protect dJ=+21.2  (730s, inv so far 8)
[5550/15120] rho2_mu0.3_eta5_kap0.25_sbm_seed3: INV=0 conv=0 best=protect_only dJ=+16.9  (736s, inv so far 8)
[5600/15120] rho2_mu0.3_eta5_kap1_sbm_seed3: INV=0 conv=0 best=burn_then_protect dJ=+66.4  (743s, inv so far 8)
[5650/15120] rho2_mu0.3_eta8_kap0.5_sbm_seed0: INV=0 conv=0 best=protect_only dJ=+23.0  (749s, inv so far 8)
[5700/15120] rho2_mu0.3_eta16_kap0.25_bridge_seed5: INV=0 conv=0 best=delay8 dJ=+60.2  (756s, inv so far 8)
[5750/15120] rho2_mu0.3_eta16_kap1_bridge_seed6: INV=0 conv=0 best=delay8 dJ=+65.4  (763s, inv so far 8)
[5800/15120] rho2_mu0.4_eta1_kap0.5_bridge_seed3: INV=0 conv=0 best=burn_then_protect dJ=+16.8  (770s, inv so far 8)
[5850/15120] rho2_mu0.4_eta2_kap0.25_artic_seed5: INV=0 conv=1 best=burn_then_protect dJ=-10.2  (777s, inv so far 8)
[5900/15120] rho2_mu0.4_eta2_kap1_artic_seed0: INV=0 conv=1 best=burn_then_protect dJ=-7.1  (784s, inv so far 8)
[5950/15120] rho2_mu0.4_eta5_kap0.5_artic_seed0: INV=0 conv=1 best=burn_then_protect dJ=-8.4  (791s, inv so far 8)
[6000/15120] rho2_mu0.4_eta8_kap0.25_artic_seed6: INV=0 conv=0 best=burn_then_protect dJ=+7.9  (798s, inv so far 8)
[6050/15120] rho2_mu0.4_eta16_kap0.25_sbm_seed3: INV=0 conv=0 best=protect_only dJ=+63.9  (805s, inv so far 8)
[6100/15120] rho2_mu0.4_eta16_kap1_sbm_seed6: INV=0 conv=0 best=delay8 dJ=+125.0  (813s, inv so far 8)
[6150/15120] rho2_mu0.5_eta1_kap0.5_bridge_seed1: INV=0 conv=0 best=burn_then_protect dJ=+28.0  (819s, inv so far 8)
[6200/15120] rho2_mu0.5_eta2_kap0.25_sbm_seed2: INV=0 conv=1 best=protect_only dJ=-8.1  (827s, inv so far 8)
[6250/15120] rho2_mu0.5_eta2_kap1_sbm_seed4: INV=0 conv=0 best=burn_then_protect dJ=+56.2  (834s, inv so far 8)
[6300/15120] rho2_mu0.5_eta5_kap0.5_bridge_seed6: INV=0 conv=0 best=burn_then_protect dJ=+37.7  (841s, inv so far 8)
[6350/15120] rho2_mu0.5_eta8_kap0.25_bridge_seed3: INV=0 conv=0 best=protect_only dJ=+16.9  (848s, inv so far 8)
[6400/15120] rho2_mu0.5_eta8_kap1_bridge_seed7: INV=0 conv=0 best=delay8 dJ=+77.9  (855s, inv so far 8)
[6450/15120] rho2_mu0.5_eta16_kap0.5_artic_seed5: INV=0 conv=1 best=burn_then_protect dJ=+1.2  (862s, inv so far 8)
[6500/15120] rho5_mu0.05_eta1_kap0.5_sbm_seed2: INV=0 conv=0 best=delay8 dJ=+16.5  (868s, inv so far 8)
[6550/15120] rho5_mu0.05_eta1_kap1_artic_seed5: INV=0 conv=0 best=burn_then_protect dJ=+28.9  (875s, inv so far 8)
[6600/15120] rho5_mu0.05_eta2_kap1_sbm_seed4: INV=0 conv=0 best=delay8 dJ=+19.9  (881s, inv so far 8)
[6650/15120] rho5_mu0.05_eta5_kap0.5_sbm_seed3: INV=0 conv=0 best=delay8 dJ=+31.1  (887s, inv so far 8)
[6700/15120] rho5_mu0.05_eta5_kap1_artic_seed3: INV=0 conv=0 best=burn_then_protect dJ=+11.2  (893s, inv so far 8)
[6750/15120] rho5_mu0.05_eta8_kap0.5_artic_seed6: INV=0 conv=0 best=burn_then_protect dJ=+64.2  (899s, inv so far 8)
[6800/15120] rho5_mu0.05_eta16_kap1_sbm_seed0: INV=0 conv=1 best=delay8 dJ=+0.7  (904s, inv so far 8)
[6850/15120] rho5_mu0.1_eta1_kap0.25_bridge_seed1: INV=0 conv=0 best=delay8 dJ=+44.2  (911s, inv so far 8)
[6900/15120] rho5_mu0.1_eta1_kap1_bridge_seed5: INV=0 conv=0 best=delay8 dJ=+36.1  (917s, inv so far 8)
[6950/15120] rho5_mu0.1_eta2_kap0.5_bridge_seed3: INV=0 conv=0 best=delay8 dJ=+39.0  (923s, inv so far 8)
[7000/15120] rho5_mu0.1_eta5_kap0.25_bridge_seed7: INV=0 conv=0 best=delay8 dJ=+81.3  (930s, inv so far 8)
[7050/15120] rho5_mu0.1_eta5_kap1_artic_seed5: INV=0 conv=0 best=burn_then_protect dJ=+33.9  (937s, inv so far 8)
[7100/15120] rho5_mu0.1_eta8_kap0.5_artic_seed7: INV=0 conv=0 best=burn_then_protect dJ=+46.5  (943s, inv so far 8)
[7150/15120] rho5_mu0.1_eta16_kap0.5_sbm_seed1: INV=0 conv=0 best=protect_only dJ=+94.8  (950s, inv so far 8)
[7200/15120] rho5_mu0.1_eta16_kap1_artic_seed1: INV=0 conv=0 best=burn_then_protect dJ=+48.7  (956s, inv so far 8)
[7250/15120] rho5_mu0.2_eta1_kap1_sbm_seed3: INV=0 conv=0 best=delay8 dJ=+46.2  (962s, inv so far 8)
[7300/15120] rho5_mu0.2_eta2_kap0.25_artic_seed6: INV=0 conv=0 best=burn_then_protect dJ=+33.5  (969s, inv so far 8)
[7350/15120] rho5_mu0.2_eta5_kap0.25_sbm_seed6: INV=0 conv=0 best=protect_only dJ=+37.4  (976s, inv so far 8)
[7400/15120] rho5_mu0.2_eta5_kap1_bridge_seed4: INV=0 conv=0 best=delay8 dJ=+40.3  (982s, inv so far 8)
[7450/15120] rho5_mu0.2_eta8_kap0.5_bridge_seed4: INV=0 conv=0 best=delay8 dJ=+50.3  (989s, inv so far 8)
[7500/15120] rho5_mu0.2_eta16_kap0.25_bridge_seed5: INV=0 conv=0 best=delay8 dJ=+137.3  (995s, inv so far 8)
[7550/15120] rho5_mu0.2_eta16_kap1_bridge_seed6: INV=0 conv=0 best=delay8 dJ=+135.6  (1002s, inv so far 8)
[7600/15120] rho5_mu0.3_eta1_kap0.5_bridge_seed7: INV=0 conv=0 best=delay8 dJ=+54.1  (1008s, inv so far 8)
[7650/15120] rho5_mu0.3_eta2_kap0.25_artic_seed5: INV=0 conv=0 best=burn_then_protect dJ=+27.2  (1016s, inv so far 8)
[7700/15120] rho5_mu0.3_eta2_kap1_artic_seed7: INV=0 conv=0 best=burn_then_protect dJ=+43.5  (1023s, inv so far 8)
[7750/15120] rho5_mu0.3_eta5_kap0.5_artic_seed0: INV=0 conv=0 best=burn_then_protect dJ=+31.7  (1029s, inv so far 8)
[7800/15120] rho5_mu0.3_eta8_kap0.25_artic_seed1: INV=0 conv=0 best=protect_only dJ=+21.1  (1036s, inv so far 8)
[7850/15120] rho5_mu0.3_eta16_kap0.25_sbm_seed1: INV=0 conv=0 best=protect_only dJ=+223.1  (1042s, inv so far 8)
[7900/15120] rho5_mu0.3_eta16_kap1_sbm_seed7: INV=0 conv=0 best=delay8 dJ=+252.1  (1049s, inv so far 8)
[7950/15120] rho5_mu0.4_eta1_kap0.5_bridge_seed4: INV=0 conv=0 best=delay8 dJ=+25.1  (1057s, inv so far 8)
[8000/15120] rho5_mu0.4_eta2_kap0.25_bridge_seed0: INV=0 conv=0 best=protect_only dJ=+65.6  (1063s, inv so far 8)
[8050/15120] rho5_mu0.4_eta2_kap1_bridge_seed5: INV=0 conv=0 best=delay8 dJ=+42.6  (1070s, inv so far 8)
[8100/15120] rho5_mu0.4_eta5_kap0.5_sbm_seed7: INV=0 conv=0 best=protect_only dJ=+100.4  (1077s, inv so far 8)
[8150/15120] rho5_mu0.4_eta8_kap0.25_bridge_seed2: INV=0 conv=0 best=protect_only dJ=+164.4  (1084s, inv so far 8)
[8200/15120] rho5_mu0.4_eta8_kap1_bridge_seed7: INV=0 conv=0 best=delay8 dJ=+109.1  (1091s, inv so far 8)
[8250/15120] rho5_mu0.4_eta16_kap0.5_artic_seed5: INV=0 conv=0 best=delay8 dJ=+41.1  (1098s, inv so far 8)
[8300/15120] rho5_mu0.5_eta1_kap0.25_artic_seed0: INV=0 conv=0 best=burn_then_protect dJ=+33.6  (1106s, inv so far 8)
[8350/15120] rho5_mu0.5_eta2_kap0.25_sbm_seed5: INV=0 conv=0 best=protect_only dJ=+44.1  (1113s, inv so far 8)
[8400/15120] rho5_mu0.5_eta2_kap0.5_artic_seed7: INV=0 conv=0 best=burn_then_protect dJ=+44.2  (1120s, inv so far 8)
[8450/15120] rho5_mu0.5_eta5_kap0.25_artic_seed6: INV=0 conv=0 best=burn_then_protect dJ=+55.0  (1127s, inv so far 8)
[8500/15120] rho5_mu0.5_eta8_kap0.25_sbm_seed0: INV=0 conv=0 best=protect_only dJ=+126.8  (1135s, inv so far 8)
[8550/15120] rho5_mu0.5_eta8_kap1_bridge_seed1: INV=0 conv=0 best=delay8 dJ=+134.5  (1142s, inv so far 8)
[8600/15120] rho5_mu0.5_eta16_kap0.5_sbm_seed3: INV=0 conv=0 best=protect_only dJ=+197.3  (1149s, inv so far 8)
[8650/15120] rho10_mu0.05_eta1_kap0.25_bridge_seed1: INV=0 conv=0 best=delay8 dJ=+70.2  (1155s, inv so far 8)
[8700/15120] rho10_mu0.05_eta1_kap1_bridge_seed0: INV=0 conv=0 best=delay8 dJ=+103.6  (1161s, inv so far 8)
[8750/15120] rho10_mu0.05_eta2_kap0.5_bridge_seed6: INV=0 conv=0 best=delay8 dJ=+91.0  (1167s, inv so far 8)
[8800/15120] rho10_mu0.05_eta5_kap0.5_sbm_seed1: INV=0 conv=0 best=delay8 dJ=+27.6  (1173s, inv so far 8)
[8850/15120] rho10_mu0.05_eta5_kap1_bridge_seed7: INV=0 conv=0 best=delay8 dJ=+148.8  (1179s, inv so far 8)
[8900/15120] rho10_mu0.05_eta8_kap1_sbm_seed2: INV=0 conv=0 best=delay8 dJ=+64.4  (1185s, inv so far 8)
[8950/15120] rho10_mu0.05_eta16_kap0.25_artic_seed5: INV=0 conv=0 best=delay8 dJ=+65.0  (1191s, inv so far 8)
[9000/15120] rho10_mu0.1_eta1_kap0.25_sbm_seed7: INV=0 conv=0 best=delay8 dJ=+38.1  (1198s, inv so far 8)
[9050/15120] rho10_mu0.1_eta1_kap1_sbm_seed7: INV=0 conv=0 best=delay8 dJ=+39.6  (1204s, inv so far 8)
[9100/15120] rho10_mu0.1_eta2_kap0.5_sbm_seed3: INV=0 conv=0 best=delay8 dJ=+62.1  (1210s, inv so far 8)
[9150/15120] rho10_mu0.1_eta5_kap0.25_sbm_seed5: INV=0 conv=0 best=protect_only dJ=+92.2  (1217s, inv so far 8)
[9200/15120] rho10_mu0.1_eta5_kap1_sbm_seed4: INV=0 conv=0 best=delay8 dJ=+112.9  (1223s, inv so far 8)
[9250/15120] rho10_mu0.1_eta8_kap0.5_bridge_seed1: INV=0 conv=0 best=delay8 dJ=+179.9  (1229s, inv so far 8)
[9300/15120] rho10_mu0.1_eta16_kap0.25_bridge_seed5: INV=0 conv=0 best=delay8 dJ=+265.7  (1236s, inv so far 8)
[9350/15120] rho10_mu0.1_eta16_kap1_bridge_seed6: INV=0 conv=0 best=delay8 dJ=+252.5  (1242s, inv so far 8)
[9400/15120] rho10_mu0.2_eta1_kap0.5_sbm_seed7: INV=0 conv=0 best=protect_only dJ=+89.3  (1249s, inv so far 8)
[9450/15120] rho10_mu0.2_eta2_kap0.25_artic_seed4: INV=0 conv=0 best=delay8 dJ=+88.9  (1256s, inv so far 8)
[9500/15120] rho10_mu0.2_eta2_kap1_artic_seed5: INV=0 conv=0 best=delay8 dJ=+65.0  (1262s, inv so far 8)
[9550/15120] rho10_mu0.2_eta5_kap0.5_artic_seed0: INV=0 conv=0 best=burn_then_protect dJ=+99.4  (1269s, inv so far 8)
[9600/15120] rho10_mu0.2_eta8_kap0.25_artic_seed7: INV=0 conv=0 best=delay8 dJ=+89.7  (1275s, inv so far 8)
[9650/15120] rho10_mu0.2_eta8_kap1_artic_seed6: INV=0 conv=0 best=delay8 dJ=+134.0  (1282s, inv so far 8)
[9700/15120] rho10_mu0.2_eta16_kap0.5_artic_seed6: INV=0 conv=0 best=delay8 dJ=+174.4  (1289s, inv so far 8)
[9750/15120] rho10_mu0.3_eta1_kap0.5_sbm_seed3: INV=0 conv=0 best=delay8 dJ=+97.2  (1295s, inv so far 8)
[9800/15120] rho10_mu0.3_eta2_kap0.25_bridge_seed0: INV=0 conv=0 best=delay8 dJ=+125.4  (1302s, inv so far 8)
[9850/15120] rho10_mu0.3_eta2_kap1_sbm_seed5: INV=0 conv=0 best=delay8 dJ=+109.0  (1309s, inv so far 8)
[9900/15120] rho10_mu0.3_eta5_kap0.5_bridge_seed5: INV=0 conv=0 best=delay8 dJ=+112.7  (1315s, inv so far 8)
[9950/15120] rho10_mu0.3_eta8_kap0.25_bridge_seed3: INV=0 conv=0 best=delay8 dJ=+135.5  (1322s, inv so far 8)
[10000/15120] rho10_mu0.3_eta8_kap1_bridge_seed7: INV=0 conv=0 best=delay8 dJ=+193.3  (1328s, inv so far 8)
[10050/15120] rho10_mu0.3_eta16_kap0.5_artic_seed5: INV=0 conv=0 best=delay8 dJ=+65.0  (1336s, inv so far 8)
[10100/15120] rho10_mu0.4_eta1_kap0.25_artic_seed3: INV=0 conv=0 best=burn_then_protect dJ=+70.2  (1342s, inv so far 8)
[10150/15120] rho10_mu0.4_eta1_kap1_artic_seed0: INV=0 conv=0 best=delay8 dJ=+101.2  (1350s, inv so far 8)
[10200/15120] rho10_mu0.4_eta2_kap0.5_artic_seed1: INV=0 conv=0 best=burn_then_protect dJ=+83.6  (1357s, inv so far 8)
[10250/15120] rho10_mu0.4_eta5_kap0.5_sbm_seed3: INV=0 conv=0 best=protect_only dJ=+212.4  (1364s, inv so far 8)
[10300/15120] rho10_mu0.4_eta8_kap0.25_bridge_seed4: INV=0 conv=0 best=delay8 dJ=+96.8  (1371s, inv so far 8)
[10350/15120] rho10_mu0.4_eta8_kap1_sbm_seed2: INV=0 conv=0 best=delay8 dJ=+356.9  (1378s, inv so far 8)
[10400/15120] rho10_mu0.4_eta16_kap0.5_bridge_seed0: INV=0 conv=0 best=delay8 dJ=+505.3  (1385s, inv so far 8)
[10450/15120] rho10_mu0.5_eta1_kap0.25_bridge_seed1: INV=0 conv=0 best=delay8 dJ=+87.8  (1392s, inv so far 8)
[10500/15120] rho10_mu0.5_eta1_kap1_sbm_seed7: INV=0 conv=0 best=delay8 dJ=+131.6  (1399s, inv so far 8)
[10550/15120] rho10_mu0.5_eta2_kap0.5_bridge_seed3: INV=0 conv=0 best=delay8 dJ=+105.2  (1406s, inv so far 8)
[10600/15120] rho10_mu0.5_eta5_kap0.25_bridge_seed7: INV=0 conv=0 best=delay8 dJ=+196.8  (1413s, inv so far 8)
[10650/15120] rho10_mu0.5_eta5_kap1_artic_seed2: INV=0 conv=0 best=delay8 dJ=+106.6  (1421s, inv so far 8)
[10700/15120] rho10_mu0.5_eta8_kap0.5_artic_seed0: INV=0 conv=0 best=delay8 dJ=+113.0  (1428s, inv so far 8)
[10750/15120] rho10_mu0.5_eta16_kap0.25_artic_seed1: INV=0 conv=0 best=protect_only dJ=+128.6  (1435s, inv so far 8)
[10800/15120] rho20_mu0.05_eta1_kap0.25_sbm_seed5: INV=0 conv=0 best=delay8 dJ=+53.4  (1442s, inv so far 8)
[10850/15120] rho20_mu0.05_eta1_kap1_sbm_seed5: INV=0 conv=0 best=delay8 dJ=+54.1  (1448s, inv so far 8)
[10900/15120] rho20_mu0.05_eta2_kap0.25_artic_seed3: INV=0 conv=0 best=delay8 dJ=+141.1  (1454s, inv so far 8)
[10950/15120] rho20_mu0.05_eta2_kap1_artic_seed1: INV=0 conv=0 best=delay8 dJ=+132.3  (1460s, inv so far 8)
[11000/15120] rho20_mu0.05_eta5_kap0.5_artic_seed6: INV=0 conv=0 best=delay8 dJ=+218.9  (1466s, inv so far 8)
[11050/15120] rho20_mu0.05_eta8_kap0.5_bridge_seed4: INV=0 conv=0 best=delay8 dJ=+183.0  (1472s, inv so far 8)
[11100/15120] rho20_mu0.05_eta16_kap0.25_bridge_seed1: INV=0 conv=0 best=delay8 dJ=+592.7  (1478s, inv so far 8)
[11150/15120] rho20_mu0.05_eta16_kap1_bridge_seed0: INV=0 conv=0 best=delay8 dJ=+991.9  (1484s, inv so far 8)
[11200/15120] rho20_mu0.1_eta1_kap0.5_bridge_seed7: INV=0 conv=0 best=delay8 dJ=+154.9  (1490s, inv so far 8)
[11250/15120] rho20_mu0.1_eta2_kap0.25_artic_seed5: INV=0 conv=0 best=delay8 dJ=+113.0  (1497s, inv so far 8)
[11300/15120] rho20_mu0.1_eta5_kap0.25_sbm_seed2: INV=0 conv=0 best=delay8 dJ=+139.5  (1504s, inv so far 8)
[11350/15120] rho20_mu0.1_eta5_kap0.5_artic_seed0: INV=0 conv=0 best=delay8 dJ=+168.5  (1510s, inv so far 8)
[11400/15120] rho20_mu0.1_eta8_kap0.5_sbm_seed0: INV=0 conv=0 best=protect_only dJ=+184.1  (1516s, inv so far 8)
[11450/15120] rho20_mu0.1_eta8_kap1_artic_seed1: INV=0 conv=0 best=delay8 dJ=+128.3  (1522s, inv so far 8)
[11500/15120] rho20_mu0.1_eta16_kap0.5_artic_seed6: INV=0 conv=0 best=delay8 dJ=+339.9  (1529s, inv so far 8)
[11550/15120] rho20_mu0.2_eta1_kap0.5_sbm_seed5: INV=0 conv=0 best=delay8 dJ=+145.4  (1536s, inv so far 8)
[11600/15120] rho20_mu0.2_eta2_kap0.25_sbm_seed5: INV=0 conv=0 best=protect_only dJ=+193.4  (1542s, inv so far 8)
[11650/15120] rho20_mu0.2_eta2_kap1_bridge_seed4: INV=0 conv=0 best=delay8 dJ=+94.3  (1549s, inv so far 8)
[11700/15120] rho20_mu0.2_eta5_kap0.5_bridge_seed3: INV=0 conv=0 best=delay8 dJ=+193.9  (1555s, inv so far 8)
[11750/15120] rho20_mu0.2_eta8_kap0.25_bridge_seed6: INV=0 conv=0 best=delay8 dJ=+301.6  (1562s, inv so far 8)
[11800/15120] rho20_mu0.2_eta16_kap0.25_sbm_seed0: INV=0 conv=0 best=protect_only dJ=+471.8  (1568s, inv so far 8)
[11850/15120] rho20_mu0.2_eta16_kap0.5_artic_seed4: INV=0 conv=0 best=delay8 dJ=+204.0  (1575s, inv so far 8)
[11900/15120] rho20_mu0.3_eta1_kap0.25_artic_seed3: INV=0 conv=0 best=delay8 dJ=+143.1  (1582s, inv so far 8)
[11950/15120] rho20_mu0.3_eta1_kap1_artic_seed3: INV=0 conv=0 best=delay8 dJ=+143.1  (1589s, inv so far 8)
[12000/15120] rho20_mu0.3_eta2_kap0.5_artic_seed3: INV=0 conv=0 best=delay8 dJ=+145.1  (1595s, inv so far 8)
[12050/15120] rho20_mu0.3_eta5_kap0.25_artic_seed6: INV=0 conv=0 best=delay8 dJ=+238.2  (1602s, inv so far 8)
[12100/15120] rho20_mu0.3_eta8_kap0.25_bridge_seed1: INV=0 conv=0 best=delay8 dJ=+344.7  (1609s, inv so far 8)
[12150/15120] rho20_mu0.3_eta8_kap1_sbm_seed7: INV=0 conv=0 best=delay8 dJ=+538.4  (1615s, inv so far 8)
[12200/15120] rho20_mu0.3_eta16_kap0.5_bridge_seed0: INV=0 conv=0 best=delay8 dJ=+988.5  (1622s, inv so far 8)
[12250/15120] rho20_mu0.4_eta1_kap0.25_sbm_seed2: INV=0 conv=0 best=delay8 dJ=+232.2  (1629s, inv so far 8)
[12300/15120] rho20_mu0.4_eta1_kap1_bridge_seed5: INV=0 conv=0 best=delay8 dJ=+105.5  (1636s, inv so far 8)
[12350/15120] rho20_mu0.4_eta2_kap0.5_sbm_seed7: INV=0 conv=0 best=delay8 dJ=+303.8  (1642s, inv so far 8)
[12400/15120] rho20_mu0.4_eta5_kap0.25_bridge_seed3: INV=0 conv=0 best=delay8 dJ=+250.7  (1650s, inv so far 8)
[12450/15120] rho20_mu0.4_eta5_kap1_artic_seed5: INV=0 conv=0 best=delay8 dJ=+113.4  (1657s, inv so far 8)
[12500/15120] rho20_mu0.4_eta8_kap0.5_artic_seed7: INV=0 conv=0 best=delay8 dJ=+153.4  (1664s, inv so far 8)
[12550/15120] rho20_mu0.4_eta16_kap0.25_artic_seed3: INV=0 conv=0 best=delay8 dJ=+206.5  (1671s, inv so far 8)
[12600/15120] rho20_mu0.5_eta1_kap0.25_sbm_seed5: INV=0 conv=0 best=delay8 dJ=+163.1  (1678s, inv so far 8)
[12650/15120] rho20_mu0.5_eta1_kap1_sbm_seed1: INV=0 conv=0 best=delay8 dJ=+295.8  (1685s, inv so far 8)
[12700/15120] rho20_mu0.5_eta2_kap0.5_sbm_seed6: INV=0 conv=0 best=delay8 dJ=+234.0  (1693s, inv so far 8)
[12750/15120] rho20_mu0.5_eta5_kap0.25_bridge_seed1: INV=0 conv=0 best=delay8 dJ=+336.1  (1700s, inv so far 8)
[12800/15120] rho20_mu0.5_eta5_kap1_sbm_seed6: INV=0 conv=0 best=delay8 dJ=+407.2  (1707s, inv so far 8)
[12850/15120] rho20_mu0.5_eta8_kap0.5_sbm_seed4: INV=0 conv=0 best=protect_only dJ=+710.9  (1714s, inv so far 8)
[12900/15120] rho20_mu0.5_eta16_kap0.25_bridge_seed4: INV=0 conv=0 best=delay8 dJ=+723.4  (1721s, inv so far 8)
[12950/15120] rho20_mu0.5_eta16_kap1_bridge_seed6: INV=0 conv=0 best=delay8 dJ=+653.3  (1728s, inv so far 8)
[13000/15120] rho50_mu0.05_eta1_kap0.5_bridge_seed2: INV=0 conv=0 best=delay8 dJ=+466.3  (1733s, inv so far 8)
[13050/15120] rho50_mu0.05_eta2_kap0.25_bridge_seed7: INV=0 conv=0 best=delay8 dJ=+431.8  (1740s, inv so far 8)
[13100/15120] rho50_mu0.05_eta5_kap0.25_sbm_seed2: INV=0 conv=0 best=delay8 dJ=+232.0  (1746s, inv so far 8)
[13150/15120] rho50_mu0.05_eta5_kap0.5_artic_seed5: INV=0 conv=0 best=delay8 dJ=+257.1  (1752s, inv so far 8)
[13200/15120] rho50_mu0.05_eta8_kap0.5_sbm_seed5: INV=0 conv=0 best=delay8 dJ=+190.8  (1758s, inv so far 8)
[13250/15120] rho50_mu0.05_eta8_kap1_artic_seed3: INV=0 conv=0 best=delay8 dJ=+353.1  (1764s, inv so far 8)
[13300/15120] rho50_mu0.05_eta16_kap0.5_artic_seed3: INV=0 conv=0 best=delay8 dJ=+379.8  (1770s, inv so far 8)
[13350/15120] rho50_mu0.1_eta1_kap0.5_sbm_seed5: INV=0 conv=0 best=delay8 dJ=+187.7  (1776s, inv so far 8)
[13400/15120] rho50_mu0.1_eta2_kap0.25_sbm_seed4: INV=0 conv=0 best=delay8 dJ=+306.1  (1783s, inv so far 8)
[13450/15120] rho50_mu0.1_eta2_kap1_bridge_seed4: INV=0 conv=0 best=delay8 dJ=+224.8  (1789s, inv so far 8)
[13500/15120] rho50_mu0.1_eta5_kap0.5_bridge_seed2: INV=0 conv=0 best=delay8 dJ=+1036.3  (1795s, inv so far 8)
[13550/15120] rho50_mu0.1_eta8_kap0.25_bridge_seed3: INV=0 conv=0 best=delay8 dJ=+659.5  (1802s, inv so far 8)
[13600/15120] rho50_mu0.1_eta8_kap1_bridge_seed7: INV=0 conv=0 best=delay8 dJ=+880.6  (1808s, inv so far 8)
[13650/15120] rho50_mu0.1_eta16_kap0.5_artic_seed5: INV=0 conv=0 best=delay8 dJ=+257.1  (1815s, inv so far 8)
[13700/15120] rho50_mu0.2_eta1_kap0.25_artic_seed5: INV=0 conv=0 best=delay8 dJ=+257.1  (1821s, inv so far 8)
[13750/15120] rho50_mu0.2_eta1_kap1_artic_seed3: INV=0 conv=0 best=delay8 dJ=+329.8  (1828s, inv so far 8)
[13800/15120] rho50_mu0.2_eta2_kap0.5_artic_seed1: INV=0 conv=0 best=delay8 dJ=+312.8  (1834s, inv so far 8)
[13850/15120] rho50_mu0.2_eta5_kap0.25_artic_seed1: INV=0 conv=0 best=delay8 dJ=+307.8  (1841s, inv so far 8)
[13900/15120] rho50_mu0.2_eta8_kap0.25_sbm_seed4: INV=0 conv=0 best=protect_only dJ=+805.0  (1848s, inv so far 8)
[13950/15120] rho50_mu0.2_eta8_kap1_bridge_seed4: INV=0 conv=0 best=delay8 dJ=+449.8  (1854s, inv so far 8)
[14000/15120] rho50_mu0.2_eta16_kap0.5_bridge_seed0: INV=0 conv=0 best=delay8 dJ=+2438.5  (1861s, inv so far 8)
[14050/15120] rho50_mu0.3_eta1_kap0.25_bridge_seed4: INV=0 conv=0 best=delay8 dJ=+185.4  (1867s, inv so far 8)
[14100/15120] rho50_mu0.3_eta1_kap1_bridge_seed5: INV=0 conv=0 best=delay8 dJ=+246.0  (1874s, inv so far 8)
[14150/15120] rho50_mu0.3_eta2_kap0.5_bridge_seed6: INV=0 conv=0 best=delay8 dJ=+382.4  (1880s, inv so far 8)
[14200/15120] rho50_mu0.3_eta5_kap0.25_bridge_seed7: INV=0 conv=0 best=delay8 dJ=+654.3  (1887s, inv so far 8)
[14250/15120] rho50_mu0.3_eta5_kap1_artic_seed5: INV=0 conv=0 best=delay8 dJ=+257.1  (1894s, inv so far 8)
[14300/15120] rho50_mu0.3_eta8_kap0.5_artic_seed0: INV=0 conv=0 best=delay8 dJ=+411.6  (1901s, inv so far 8)
[14350/15120] rho50_mu0.3_eta16_kap0.25_artic_seed0: INV=0 conv=0 best=delay8 dJ=+431.7  (1907s, inv so far 8)
[14400/15120] rho50_mu0.3_eta16_kap1_artic_seed6: INV=0 conv=0 best=delay8 dJ=+968.8  (1914s, inv so far 8)
[14450/15120] rho50_mu0.4_eta1_kap1_sbm_seed3: INV=0 conv=0 best=delay8 dJ=+586.8  (1921s, inv so far 8)
[14500/15120] rho50_mu0.4_eta2_kap0.5_bridge_seed4: INV=0 conv=0 best=delay8 dJ=+230.7  (1929s, inv so far 8)
[14550/15120] rho50_mu0.4_eta5_kap0.25_sbm_seed4: INV=0 conv=0 best=protect_only dJ=+1177.7  (1936s, inv so far 8)
[14600/15120] rho50_mu0.4_eta5_kap1_sbm_seed2: INV=0 conv=0 best=delay8 dJ=+1176.5  (1942s, inv so far 8)
[14650/15120] rho50_mu0.4_eta8_kap0.5_bridge_seed0: INV=0 conv=0 best=delay8 dJ=+1359.3  (1949s, inv so far 8)
[14700/15120] rho50_mu0.4_eta16_kap0.25_bridge_seed5: INV=0 conv=0 best=delay8 dJ=+1267.3  (1956s, inv so far 8)
[14750/15120] rho50_mu0.4_eta16_kap1_bridge_seed2: INV=0 conv=0 best=delay8 dJ=+2926.6  (1963s, inv so far 8)
[14800/15120] rho50_mu0.5_eta1_kap0.5_artic_seed4: INV=0 conv=0 best=delay8 dJ=+378.4  (1971s, inv so far 8)
[14850/15120] rho50_mu0.5_eta2_kap0.25_artic_seed5: INV=0 conv=0 best=delay8 dJ=+252.9  (1978s, inv so far 8)
[14900/15120] rho50_mu0.5_eta2_kap1_artic_seed3: INV=0 conv=0 best=delay8 dJ=+370.9  (1985s, inv so far 8)
[14950/15120] rho50_mu0.5_eta5_kap0.5_artic_seed1: INV=0 conv=0 best=delay8 dJ=+486.0  (1992s, inv so far 8)
[15000/15120] rho50_mu0.5_eta8_kap0.25_artic_seed1: INV=0 conv=0 best=delay8 dJ=+580.7  (1999s, inv so far 8)
[15050/15120] rho50_mu0.5_eta16_kap0.25_sbm_seed1: INV=0 conv=0 best=protect_only dJ=+4121.3  (2007s, inv so far 8)
[15100/15120] rho50_mu0.5_eta16_kap1_sbm_seed6: INV=0 conv=0 best=delay8 dJ=+2548.8  (2013s, inv so far 8)
DONE 15120 cells in 2015s; inversions flagged: 8. Run: python analyze.py results/
